E:\TECHSTUDIO\MY_DEVELOP\DX9_CHAPTER3_FOR_MYDX9\DX9_CHAPTER3_FOR_MYDX9\DEBUG\DX9_CHAPTER3_FOR_MYDX9.EXE
E:\TECHSTUDIO\MY_DEVELOP\DX9_CHAPTER3_FOR_MYDX9\DX9_CHAPTER3_FOR_MYDX9\DEBUG\DX9_CHAPTER3_FOR_MYDX9.ILK
E:\TECHSTUDIO\MY_DEVELOP\DX9_CHAPTER3_FOR_MYDX9\DX9_CHAPTER3_FOR_MYDX9\DEBUG\DX9_CHAPTER3_FOR_MYDX9.PDB
E:\TechStudio\my_develop\dx9_chapter3_for_mydx9\dx9_chapter3_for_mydx9\dx9_chapter3_for_mydx9\Debug\cl.command.1.tlog
E:\TechStudio\my_develop\dx9_chapter3_for_mydx9\dx9_chapter3_for_mydx9\dx9_chapter3_for_mydx9\Debug\CL.read.1.tlog
E:\TechStudio\my_develop\dx9_chapter3_for_mydx9\dx9_chapter3_for_mydx9\dx9_chapter3_for_mydx9\Debug\CL.write.1.tlog
E:\TECHSTUDIO\MY_DEVELOP\DX9_CHAPTER3_FOR_MYDX9\DX9_CHAPTER3_FOR_MYDX9\DX9_CHAPTER3_FOR_MYDX9\DEBUG\D3DUTILITY.OBJ
E:\TECHSTUDIO\MY_DEVELOP\DX9_CHAPTER3_FOR_MYDX9\DX9_CHAPTER3_FOR_MYDX9\DX9_CHAPTER3_FOR_MYDX9\DEBUG\DX9_CHAPTER3_FOR_MYDX9.EXE.EMBED.MANIFEST
E:\TECHSTUDIO\MY_DEVELOP\DX9_CHAPTER3_FOR_MYDX9\DX9_CHAPTER3_FOR_MYDX9\DX9_CHAPTER3_FOR_MYDX9\DEBUG\DX9_CHAPTER3_FOR_MYDX9.EXE.EMBED.MANIFEST.RES
E:\TECHSTUDIO\MY_DEVELOP\DX9_CHAPTER3_FOR_MYDX9\DX9_CHAPTER3_FOR_MYDX9\DX9_CHAPTER3_FOR_MYDX9\DEBUG\DX9_CHAPTER3_FOR_MYDX9.EXE.INTERMEDIATE.MANIFEST
E:\TechStudio\my_develop\dx9_chapter3_for_mydx9\dx9_chapter3_for_mydx9\dx9_chapter3_for_mydx9\Debug\dx9_chapter3_for_mydx9_manifest.rc
E:\TechStudio\my_develop\dx9_chapter3_for_mydx9\dx9_chapter3_for_mydx9\dx9_chapter3_for_mydx9\Debug\link.1124.read.1.tlog
E:\TechStudio\my_develop\dx9_chapter3_for_mydx9\dx9_chapter3_for_mydx9\dx9_chapter3_for_mydx9\Debug\link.1124.write.1.tlog
E:\TechStudio\my_develop\dx9_chapter3_for_mydx9\dx9_chapter3_for_mydx9\dx9_chapter3_for_mydx9\Debug\link.1124-cvtres.read.1.tlog
E:\TechStudio\my_develop\dx9_chapter3_for_mydx9\dx9_chapter3_for_mydx9\dx9_chapter3_for_mydx9\Debug\link.1124-cvtres.write.1.tlog
E:\TechStudio\my_develop\dx9_chapter3_for_mydx9\dx9_chapter3_for_mydx9\dx9_chapter3_for_mydx9\Debug\link.1212.read.1.tlog
E:\TechStudio\my_develop\dx9_chapter3_for_mydx9\dx9_chapter3_for_mydx9\dx9_chapter3_for_mydx9\Debug\link.1212.write.1.tlog
E:\TechStudio\my_develop\dx9_chapter3_for_mydx9\dx9_chapter3_for_mydx9\dx9_chapter3_for_mydx9\Debug\link.1212-cvtres.read.1.tlog
E:\TechStudio\my_develop\dx9_chapter3_for_mydx9\dx9_chapter3_for_mydx9\dx9_chapter3_for_mydx9\Debug\link.1212-cvtres.write.1.tlog
E:\TechStudio\my_develop\dx9_chapter3_for_mydx9\dx9_chapter3_for_mydx9\dx9_chapter3_for_mydx9\Debug\link.1376.read.1.tlog
E:\TechStudio\my_develop\dx9_chapter3_for_mydx9\dx9_chapter3_for_mydx9\dx9_chapter3_for_mydx9\Debug\link.1376.write.1.tlog
E:\TechStudio\my_develop\dx9_chapter3_for_mydx9\dx9_chapter3_for_mydx9\dx9_chapter3_for_mydx9\Debug\link.1376-cvtres.read.1.tlog
E:\TechStudio\my_develop\dx9_chapter3_for_mydx9\dx9_chapter3_for_mydx9\dx9_chapter3_for_mydx9\Debug\link.1376-cvtres.write.1.tlog
E:\TechStudio\my_develop\dx9_chapter3_for_mydx9\dx9_chapter3_for_mydx9\dx9_chapter3_for_mydx9\Debug\link.1500.read.1.tlog
E:\TechStudio\my_develop\dx9_chapter3_for_mydx9\dx9_chapter3_for_mydx9\dx9_chapter3_for_mydx9\Debug\link.1500.write.1.tlog
E:\TechStudio\my_develop\dx9_chapter3_for_mydx9\dx9_chapter3_for_mydx9\dx9_chapter3_for_mydx9\Debug\link.1500-cvtres.read.1.tlog
E:\TechStudio\my_develop\dx9_chapter3_for_mydx9\dx9_chapter3_for_mydx9\dx9_chapter3_for_mydx9\Debug\link.1500-cvtres.write.1.tlog
E:\TechStudio\my_develop\dx9_chapter3_for_mydx9\dx9_chapter3_for_mydx9\dx9_chapter3_for_mydx9\Debug\link.1624.read.1.tlog
E:\TechStudio\my_develop\dx9_chapter3_for_mydx9\dx9_chapter3_for_mydx9\dx9_chapter3_for_mydx9\Debug\link.1624.write.1.tlog
E:\TechStudio\my_develop\dx9_chapter3_for_mydx9\dx9_chapter3_for_mydx9\dx9_chapter3_for_mydx9\Debug\link.1624-cvtres.read.1.tlog
E:\TechStudio\my_develop\dx9_chapter3_for_mydx9\dx9_chapter3_for_mydx9\dx9_chapter3_for_mydx9\Debug\link.1624-cvtres.write.1.tlog
E:\TechStudio\my_develop\dx9_chapter3_for_mydx9\dx9_chapter3_for_mydx9\dx9_chapter3_for_mydx9\Debug\link.1756.read.1.tlog
E:\TechStudio\my_develop\dx9_chapter3_for_mydx9\dx9_chapter3_for_mydx9\dx9_chapter3_for_mydx9\Debug\link.1756.write.1.tlog
E:\TechStudio\my_develop\dx9_chapter3_for_mydx9\dx9_chapter3_for_mydx9\dx9_chapter3_for_mydx9\Debug\link.1756-cvtres.read.1.tlog
E:\TechStudio\my_develop\dx9_chapter3_for_mydx9\dx9_chapter3_for_mydx9\dx9_chapter3_for_mydx9\Debug\link.1756-cvtres.write.1.tlog
E:\TechStudio\my_develop\dx9_chapter3_for_mydx9\dx9_chapter3_for_mydx9\dx9_chapter3_for_mydx9\Debug\link.1844.read.1.tlog
E:\TechStudio\my_develop\dx9_chapter3_for_mydx9\dx9_chapter3_for_mydx9\dx9_chapter3_for_mydx9\Debug\link.1844.write.1.tlog
E:\TechStudio\my_develop\dx9_chapter3_for_mydx9\dx9_chapter3_for_mydx9\dx9_chapter3_for_mydx9\Debug\link.1844-cvtres.read.1.tlog
E:\TechStudio\my_develop\dx9_chapter3_for_mydx9\dx9_chapter3_for_mydx9\dx9_chapter3_for_mydx9\Debug\link.1844-cvtres.write.1.tlog
E:\TechStudio\my_develop\dx9_chapter3_for_mydx9\dx9_chapter3_for_mydx9\dx9_chapter3_for_mydx9\Debug\link.1960.read.1.tlog
E:\TechStudio\my_develop\dx9_chapter3_for_mydx9\dx9_chapter3_for_mydx9\dx9_chapter3_for_mydx9\Debug\link.1960.write.1.tlog
E:\TechStudio\my_develop\dx9_chapter3_for_mydx9\dx9_chapter3_for_mydx9\dx9_chapter3_for_mydx9\Debug\link.1960-cvtres.read.1.tlog
E:\TechStudio\my_develop\dx9_chapter3_for_mydx9\dx9_chapter3_for_mydx9\dx9_chapter3_for_mydx9\Debug\link.1960-cvtres.write.1.tlog
E:\TechStudio\my_develop\dx9_chapter3_for_mydx9\dx9_chapter3_for_mydx9\dx9_chapter3_for_mydx9\Debug\link.2056.read.1.tlog
E:\TechStudio\my_develop\dx9_chapter3_for_mydx9\dx9_chapter3_for_mydx9\dx9_chapter3_for_mydx9\Debug\link.2056.write.1.tlog
E:\TechStudio\my_develop\dx9_chapter3_for_mydx9\dx9_chapter3_for_mydx9\dx9_chapter3_for_mydx9\Debug\link.2056-cvtres.read.1.tlog
E:\TechStudio\my_develop\dx9_chapter3_for_mydx9\dx9_chapter3_for_mydx9\dx9_chapter3_for_mydx9\Debug\link.2056-cvtres.write.1.tlog
E:\TechStudio\my_develop\dx9_chapter3_for_mydx9\dx9_chapter3_for_mydx9\dx9_chapter3_for_mydx9\Debug\link.2352.read.1.tlog
E:\TechStudio\my_develop\dx9_chapter3_for_mydx9\dx9_chapter3_for_mydx9\dx9_chapter3_for_mydx9\Debug\link.2352.write.1.tlog
E:\TechStudio\my_develop\dx9_chapter3_for_mydx9\dx9_chapter3_for_mydx9\dx9_chapter3_for_mydx9\Debug\link.2352-cvtres.read.1.tlog
E:\TechStudio\my_develop\dx9_chapter3_for_mydx9\dx9_chapter3_for_mydx9\dx9_chapter3_for_mydx9\Debug\link.2352-cvtres.write.1.tlog
E:\TechStudio\my_develop\dx9_chapter3_for_mydx9\dx9_chapter3_for_mydx9\dx9_chapter3_for_mydx9\Debug\link.2424.read.1.tlog
E:\TechStudio\my_develop\dx9_chapter3_for_mydx9\dx9_chapter3_for_mydx9\dx9_chapter3_for_mydx9\Debug\link.2424.write.1.tlog
E:\TechStudio\my_develop\dx9_chapter3_for_mydx9\dx9_chapter3_for_mydx9\dx9_chapter3_for_mydx9\Debug\link.2424-cvtres.read.1.tlog
E:\TechStudio\my_develop\dx9_chapter3_for_mydx9\dx9_chapter3_for_mydx9\dx9_chapter3_for_mydx9\Debug\link.2424-cvtres.write.1.tlog
E:\TechStudio\my_develop\dx9_chapter3_for_mydx9\dx9_chapter3_for_mydx9\dx9_chapter3_for_mydx9\Debug\link.2552.read.1.tlog
E:\TechStudio\my_develop\dx9_chapter3_for_mydx9\dx9_chapter3_for_mydx9\dx9_chapter3_for_mydx9\Debug\link.2552.write.1.tlog
E:\TechStudio\my_develop\dx9_chapter3_for_mydx9\dx9_chapter3_for_mydx9\dx9_chapter3_for_mydx9\Debug\link.2552-cvtres.read.1.tlog
E:\TechStudio\my_develop\dx9_chapter3_for_mydx9\dx9_chapter3_for_mydx9\dx9_chapter3_for_mydx9\Debug\link.2552-cvtres.write.1.tlog
E:\TechStudio\my_develop\dx9_chapter3_for_mydx9\dx9_chapter3_for_mydx9\dx9_chapter3_for_mydx9\Debug\link.2812.read.1.tlog
E:\TechStudio\my_develop\dx9_chapter3_for_mydx9\dx9_chapter3_for_mydx9\dx9_chapter3_for_mydx9\Debug\link.2812.write.1.tlog
E:\TechStudio\my_develop\dx9_chapter3_for_mydx9\dx9_chapter3_for_mydx9\dx9_chapter3_for_mydx9\Debug\link.2812-cvtres.read.1.tlog
E:\TechStudio\my_develop\dx9_chapter3_for_mydx9\dx9_chapter3_for_mydx9\dx9_chapter3_for_mydx9\Debug\link.2812-cvtres.write.1.tlog
E:\TechStudio\my_develop\dx9_chapter3_for_mydx9\dx9_chapter3_for_mydx9\dx9_chapter3_for_mydx9\Debug\link.3080.read.1.tlog
E:\TechStudio\my_develop\dx9_chapter3_for_mydx9\dx9_chapter3_for_mydx9\dx9_chapter3_for_mydx9\Debug\link.3080.write.1.tlog
E:\TechStudio\my_develop\dx9_chapter3_for_mydx9\dx9_chapter3_for_mydx9\dx9_chapter3_for_mydx9\Debug\link.3080-cvtres.read.1.tlog
E:\TechStudio\my_develop\dx9_chapter3_for_mydx9\dx9_chapter3_for_mydx9\dx9_chapter3_for_mydx9\Debug\link.3080-cvtres.write.1.tlog
E:\TechStudio\my_develop\dx9_chapter3_for_mydx9\dx9_chapter3_for_mydx9\dx9_chapter3_for_mydx9\Debug\link.3108.read.1.tlog
E:\TechStudio\my_develop\dx9_chapter3_for_mydx9\dx9_chapter3_for_mydx9\dx9_chapter3_for_mydx9\Debug\link.3108.write.1.tlog
E:\TechStudio\my_develop\dx9_chapter3_for_mydx9\dx9_chapter3_for_mydx9\dx9_chapter3_for_mydx9\Debug\link.3108-cvtres.read.1.tlog
E:\TechStudio\my_develop\dx9_chapter3_for_mydx9\dx9_chapter3_for_mydx9\dx9_chapter3_for_mydx9\Debug\link.3108-cvtres.write.1.tlog
E:\TechStudio\my_develop\dx9_chapter3_for_mydx9\dx9_chapter3_for_mydx9\dx9_chapter3_for_mydx9\Debug\link.3324.read.1.tlog
E:\TechStudio\my_develop\dx9_chapter3_for_mydx9\dx9_chapter3_for_mydx9\dx9_chapter3_for_mydx9\Debug\link.3324.write.1.tlog
E:\TechStudio\my_develop\dx9_chapter3_for_mydx9\dx9_chapter3_for_mydx9\dx9_chapter3_for_mydx9\Debug\link.3324-cvtres.read.1.tlog
E:\TechStudio\my_develop\dx9_chapter3_for_mydx9\dx9_chapter3_for_mydx9\dx9_chapter3_for_mydx9\Debug\link.3324-cvtres.write.1.tlog
E:\TechStudio\my_develop\dx9_chapter3_for_mydx9\dx9_chapter3_for_mydx9\dx9_chapter3_for_mydx9\Debug\link.3352.read.1.tlog
E:\TechStudio\my_develop\dx9_chapter3_for_mydx9\dx9_chapter3_for_mydx9\dx9_chapter3_for_mydx9\Debug\link.3352.write.1.tlog
E:\TechStudio\my_develop\dx9_chapter3_for_mydx9\dx9_chapter3_for_mydx9\dx9_chapter3_for_mydx9\Debug\link.3352-cvtres.read.1.tlog
E:\TechStudio\my_develop\dx9_chapter3_for_mydx9\dx9_chapter3_for_mydx9\dx9_chapter3_for_mydx9\Debug\link.3352-cvtres.write.1.tlog
E:\TechStudio\my_develop\dx9_chapter3_for_mydx9\dx9_chapter3_for_mydx9\dx9_chapter3_for_mydx9\Debug\link.3404.read.1.tlog
E:\TechStudio\my_develop\dx9_chapter3_for_mydx9\dx9_chapter3_for_mydx9\dx9_chapter3_for_mydx9\Debug\link.3404.write.1.tlog
E:\TechStudio\my_develop\dx9_chapter3_for_mydx9\dx9_chapter3_for_mydx9\dx9_chapter3_for_mydx9\Debug\link.3404-cvtres.read.1.tlog
E:\TechStudio\my_develop\dx9_chapter3_for_mydx9\dx9_chapter3_for_mydx9\dx9_chapter3_for_mydx9\Debug\link.3404-cvtres.write.1.tlog
E:\TechStudio\my_develop\dx9_chapter3_for_mydx9\dx9_chapter3_for_mydx9\dx9_chapter3_for_mydx9\Debug\link.3460.read.1.tlog
E:\TechStudio\my_develop\dx9_chapter3_for_mydx9\dx9_chapter3_for_mydx9\dx9_chapter3_for_mydx9\Debug\link.3460.write.1.tlog
E:\TechStudio\my_develop\dx9_chapter3_for_mydx9\dx9_chapter3_for_mydx9\dx9_chapter3_for_mydx9\Debug\link.3460-cvtres.read.1.tlog
E:\TechStudio\my_develop\dx9_chapter3_for_mydx9\dx9_chapter3_for_mydx9\dx9_chapter3_for_mydx9\Debug\link.3460-cvtres.write.1.tlog
E:\TechStudio\my_develop\dx9_chapter3_for_mydx9\dx9_chapter3_for_mydx9\dx9_chapter3_for_mydx9\Debug\link.3552.read.1.tlog
E:\TechStudio\my_develop\dx9_chapter3_for_mydx9\dx9_chapter3_for_mydx9\dx9_chapter3_for_mydx9\Debug\link.3552.write.1.tlog
E:\TechStudio\my_develop\dx9_chapter3_for_mydx9\dx9_chapter3_for_mydx9\dx9_chapter3_for_mydx9\Debug\link.3552-cvtres.read.1.tlog
E:\TechStudio\my_develop\dx9_chapter3_for_mydx9\dx9_chapter3_for_mydx9\dx9_chapter3_for_mydx9\Debug\link.3552-cvtres.write.1.tlog
E:\TechStudio\my_develop\dx9_chapter3_for_mydx9\dx9_chapter3_for_mydx9\dx9_chapter3_for_mydx9\Debug\link.3556.read.1.tlog
E:\TechStudio\my_develop\dx9_chapter3_for_mydx9\dx9_chapter3_for_mydx9\dx9_chapter3_for_mydx9\Debug\link.3556.write.1.tlog
E:\TechStudio\my_develop\dx9_chapter3_for_mydx9\dx9_chapter3_for_mydx9\dx9_chapter3_for_mydx9\Debug\link.3556-cvtres.read.1.tlog
E:\TechStudio\my_develop\dx9_chapter3_for_mydx9\dx9_chapter3_for_mydx9\dx9_chapter3_for_mydx9\Debug\link.3556-cvtres.write.1.tlog
E:\TechStudio\my_develop\dx9_chapter3_for_mydx9\dx9_chapter3_for_mydx9\dx9_chapter3_for_mydx9\Debug\link.3564.read.1.tlog
E:\TechStudio\my_develop\dx9_chapter3_for_mydx9\dx9_chapter3_for_mydx9\dx9_chapter3_for_mydx9\Debug\link.3564.write.1.tlog
E:\TechStudio\my_develop\dx9_chapter3_for_mydx9\dx9_chapter3_for_mydx9\dx9_chapter3_for_mydx9\Debug\link.3564-cvtres.read.1.tlog
E:\TechStudio\my_develop\dx9_chapter3_for_mydx9\dx9_chapter3_for_mydx9\dx9_chapter3_for_mydx9\Debug\link.3564-cvtres.write.1.tlog
E:\TechStudio\my_develop\dx9_chapter3_for_mydx9\dx9_chapter3_for_mydx9\dx9_chapter3_for_mydx9\Debug\link.3616.read.1.tlog
E:\TechStudio\my_develop\dx9_chapter3_for_mydx9\dx9_chapter3_for_mydx9\dx9_chapter3_for_mydx9\Debug\link.3616.write.1.tlog
E:\TechStudio\my_develop\dx9_chapter3_for_mydx9\dx9_chapter3_for_mydx9\dx9_chapter3_for_mydx9\Debug\link.3616-cvtres.read.1.tlog
E:\TechStudio\my_develop\dx9_chapter3_for_mydx9\dx9_chapter3_for_mydx9\dx9_chapter3_for_mydx9\Debug\link.3616-cvtres.write.1.tlog
E:\TechStudio\my_develop\dx9_chapter3_for_mydx9\dx9_chapter3_for_mydx9\dx9_chapter3_for_mydx9\Debug\link.3672.read.1.tlog
E:\TechStudio\my_develop\dx9_chapter3_for_mydx9\dx9_chapter3_for_mydx9\dx9_chapter3_for_mydx9\Debug\link.3672.write.1.tlog
E:\TechStudio\my_develop\dx9_chapter3_for_mydx9\dx9_chapter3_for_mydx9\dx9_chapter3_for_mydx9\Debug\link.3672-cvtres.read.1.tlog
E:\TechStudio\my_develop\dx9_chapter3_for_mydx9\dx9_chapter3_for_mydx9\dx9_chapter3_for_mydx9\Debug\link.3672-cvtres.write.1.tlog
E:\TechStudio\my_develop\dx9_chapter3_for_mydx9\dx9_chapter3_for_mydx9\dx9_chapter3_for_mydx9\Debug\link.3752.read.1.tlog
E:\TechStudio\my_develop\dx9_chapter3_for_mydx9\dx9_chapter3_for_mydx9\dx9_chapter3_for_mydx9\Debug\link.3752.write.1.tlog
E:\TechStudio\my_develop\dx9_chapter3_for_mydx9\dx9_chapter3_for_mydx9\dx9_chapter3_for_mydx9\Debug\link.3752-cvtres.read.1.tlog
E:\TechStudio\my_develop\dx9_chapter3_for_mydx9\dx9_chapter3_for_mydx9\dx9_chapter3_for_mydx9\Debug\link.3752-cvtres.write.1.tlog
E:\TechStudio\my_develop\dx9_chapter3_for_mydx9\dx9_chapter3_for_mydx9\dx9_chapter3_for_mydx9\Debug\link.3812.read.1.tlog
E:\TechStudio\my_develop\dx9_chapter3_for_mydx9\dx9_chapter3_for_mydx9\dx9_chapter3_for_mydx9\Debug\link.3812.write.1.tlog
E:\TechStudio\my_develop\dx9_chapter3_for_mydx9\dx9_chapter3_for_mydx9\dx9_chapter3_for_mydx9\Debug\link.3812-cvtres.read.1.tlog
E:\TechStudio\my_develop\dx9_chapter3_for_mydx9\dx9_chapter3_for_mydx9\dx9_chapter3_for_mydx9\Debug\link.3812-cvtres.write.1.tlog
E:\TechStudio\my_develop\dx9_chapter3_for_mydx9\dx9_chapter3_for_mydx9\dx9_chapter3_for_mydx9\Debug\link.3892.read.1.tlog
E:\TechStudio\my_develop\dx9_chapter3_for_mydx9\dx9_chapter3_for_mydx9\dx9_chapter3_for_mydx9\Debug\link.3892.write.1.tlog
E:\TechStudio\my_develop\dx9_chapter3_for_mydx9\dx9_chapter3_for_mydx9\dx9_chapter3_for_mydx9\Debug\link.3892-cvtres.read.1.tlog
E:\TechStudio\my_develop\dx9_chapter3_for_mydx9\dx9_chapter3_for_mydx9\dx9_chapter3_for_mydx9\Debug\link.3892-cvtres.write.1.tlog
E:\TechStudio\my_develop\dx9_chapter3_for_mydx9\dx9_chapter3_for_mydx9\dx9_chapter3_for_mydx9\Debug\link.4200.read.1.tlog
E:\TechStudio\my_develop\dx9_chapter3_for_mydx9\dx9_chapter3_for_mydx9\dx9_chapter3_for_mydx9\Debug\link.4200.write.1.tlog
E:\TechStudio\my_develop\dx9_chapter3_for_mydx9\dx9_chapter3_for_mydx9\dx9_chapter3_for_mydx9\Debug\link.4200-cvtres.read.1.tlog
E:\TechStudio\my_develop\dx9_chapter3_for_mydx9\dx9_chapter3_for_mydx9\dx9_chapter3_for_mydx9\Debug\link.4200-cvtres.write.1.tlog
E:\TechStudio\my_develop\dx9_chapter3_for_mydx9\dx9_chapter3_for_mydx9\dx9_chapter3_for_mydx9\Debug\link.4624.read.1.tlog
E:\TechStudio\my_develop\dx9_chapter3_for_mydx9\dx9_chapter3_for_mydx9\dx9_chapter3_for_mydx9\Debug\link.4624.write.1.tlog
E:\TechStudio\my_develop\dx9_chapter3_for_mydx9\dx9_chapter3_for_mydx9\dx9_chapter3_for_mydx9\Debug\link.4624-cvtres.read.1.tlog
E:\TechStudio\my_develop\dx9_chapter3_for_mydx9\dx9_chapter3_for_mydx9\dx9_chapter3_for_mydx9\Debug\link.4624-cvtres.write.1.tlog
E:\TechStudio\my_develop\dx9_chapter3_for_mydx9\dx9_chapter3_for_mydx9\dx9_chapter3_for_mydx9\Debug\link.4724.read.1.tlog
E:\TechStudio\my_develop\dx9_chapter3_for_mydx9\dx9_chapter3_for_mydx9\dx9_chapter3_for_mydx9\Debug\link.4724.write.1.tlog
E:\TechStudio\my_develop\dx9_chapter3_for_mydx9\dx9_chapter3_for_mydx9\dx9_chapter3_for_mydx9\Debug\link.4724-cvtres.read.1.tlog
E:\TechStudio\my_develop\dx9_chapter3_for_mydx9\dx9_chapter3_for_mydx9\dx9_chapter3_for_mydx9\Debug\link.4724-cvtres.write.1.tlog
E:\TechStudio\my_develop\dx9_chapter3_for_mydx9\dx9_chapter3_for_mydx9\dx9_chapter3_for_mydx9\Debug\link.4792.read.1.tlog
E:\TechStudio\my_develop\dx9_chapter3_for_mydx9\dx9_chapter3_for_mydx9\dx9_chapter3_for_mydx9\Debug\link.4792.write.1.tlog
E:\TechStudio\my_develop\dx9_chapter3_for_mydx9\dx9_chapter3_for_mydx9\dx9_chapter3_for_mydx9\Debug\link.4792-cvtres.read.1.tlog
E:\TechStudio\my_develop\dx9_chapter3_for_mydx9\dx9_chapter3_for_mydx9\dx9_chapter3_for_mydx9\Debug\link.4792-cvtres.write.1.tlog
E:\TechStudio\my_develop\dx9_chapter3_for_mydx9\dx9_chapter3_for_mydx9\dx9_chapter3_for_mydx9\Debug\link.4896.read.1.tlog
E:\TechStudio\my_develop\dx9_chapter3_for_mydx9\dx9_chapter3_for_mydx9\dx9_chapter3_for_mydx9\Debug\link.4896.write.1.tlog
E:\TechStudio\my_develop\dx9_chapter3_for_mydx9\dx9_chapter3_for_mydx9\dx9_chapter3_for_mydx9\Debug\link.4896-cvtres.read.1.tlog
E:\TechStudio\my_develop\dx9_chapter3_for_mydx9\dx9_chapter3_for_mydx9\dx9_chapter3_for_mydx9\Debug\link.4896-cvtres.write.1.tlog
E:\TechStudio\my_develop\dx9_chapter3_for_mydx9\dx9_chapter3_for_mydx9\dx9_chapter3_for_mydx9\Debug\link.5260.read.1.tlog
E:\TechStudio\my_develop\dx9_chapter3_for_mydx9\dx9_chapter3_for_mydx9\dx9_chapter3_for_mydx9\Debug\link.5260.write.1.tlog
E:\TechStudio\my_develop\dx9_chapter3_for_mydx9\dx9_chapter3_for_mydx9\dx9_chapter3_for_mydx9\Debug\link.5260-cvtres.read.1.tlog
E:\TechStudio\my_develop\dx9_chapter3_for_mydx9\dx9_chapter3_for_mydx9\dx9_chapter3_for_mydx9\Debug\link.5260-cvtres.write.1.tlog
E:\TechStudio\my_develop\dx9_chapter3_for_mydx9\dx9_chapter3_for_mydx9\dx9_chapter3_for_mydx9\Debug\link.544.read.1.tlog
E:\TechStudio\my_develop\dx9_chapter3_for_mydx9\dx9_chapter3_for_mydx9\dx9_chapter3_for_mydx9\Debug\link.544.write.1.tlog
E:\TechStudio\my_develop\dx9_chapter3_for_mydx9\dx9_chapter3_for_mydx9\dx9_chapter3_for_mydx9\Debug\link.544-cvtres.read.1.tlog
E:\TechStudio\my_develop\dx9_chapter3_for_mydx9\dx9_chapter3_for_mydx9\dx9_chapter3_for_mydx9\Debug\link.544-cvtres.write.1.tlog
E:\TechStudio\my_develop\dx9_chapter3_for_mydx9\dx9_chapter3_for_mydx9\dx9_chapter3_for_mydx9\Debug\link.5628.read.1.tlog
E:\TechStudio\my_develop\dx9_chapter3_for_mydx9\dx9_chapter3_for_mydx9\dx9_chapter3_for_mydx9\Debug\link.5628.write.1.tlog
E:\TechStudio\my_develop\dx9_chapter3_for_mydx9\dx9_chapter3_for_mydx9\dx9_chapter3_for_mydx9\Debug\link.5628-cvtres.read.1.tlog
E:\TechStudio\my_develop\dx9_chapter3_for_mydx9\dx9_chapter3_for_mydx9\dx9_chapter3_for_mydx9\Debug\link.5628-cvtres.write.1.tlog
E:\TechStudio\my_develop\dx9_chapter3_for_mydx9\dx9_chapter3_for_mydx9\dx9_chapter3_for_mydx9\Debug\link.5632.read.1.tlog
E:\TechStudio\my_develop\dx9_chapter3_for_mydx9\dx9_chapter3_for_mydx9\dx9_chapter3_for_mydx9\Debug\link.5632.write.1.tlog
E:\TechStudio\my_develop\dx9_chapter3_for_mydx9\dx9_chapter3_for_mydx9\dx9_chapter3_for_mydx9\Debug\link.5632-cvtres.read.1.tlog
E:\TechStudio\my_develop\dx9_chapter3_for_mydx9\dx9_chapter3_for_mydx9\dx9_chapter3_for_mydx9\Debug\link.5632-cvtres.write.1.tlog
E:\TechStudio\my_develop\dx9_chapter3_for_mydx9\dx9_chapter3_for_mydx9\dx9_chapter3_for_mydx9\Debug\link.5688.read.1.tlog
E:\TechStudio\my_develop\dx9_chapter3_for_mydx9\dx9_chapter3_for_mydx9\dx9_chapter3_for_mydx9\Debug\link.5688.write.1.tlog
E:\TechStudio\my_develop\dx9_chapter3_for_mydx9\dx9_chapter3_for_mydx9\dx9_chapter3_for_mydx9\Debug\link.5688-cvtres.read.1.tlog
E:\TechStudio\my_develop\dx9_chapter3_for_mydx9\dx9_chapter3_for_mydx9\dx9_chapter3_for_mydx9\Debug\link.5688-cvtres.write.1.tlog
E:\TechStudio\my_develop\dx9_chapter3_for_mydx9\dx9_chapter3_for_mydx9\dx9_chapter3_for_mydx9\Debug\link.5696.read.1.tlog
E:\TechStudio\my_develop\dx9_chapter3_for_mydx9\dx9_chapter3_for_mydx9\dx9_chapter3_for_mydx9\Debug\link.5696.write.1.tlog
E:\TechStudio\my_develop\dx9_chapter3_for_mydx9\dx9_chapter3_for_mydx9\dx9_chapter3_for_mydx9\Debug\link.5696-cvtres.read.1.tlog
E:\TechStudio\my_develop\dx9_chapter3_for_mydx9\dx9_chapter3_for_mydx9\dx9_chapter3_for_mydx9\Debug\link.5696-cvtres.write.1.tlog
E:\TechStudio\my_develop\dx9_chapter3_for_mydx9\dx9_chapter3_for_mydx9\dx9_chapter3_for_mydx9\Debug\link.5720.read.1.tlog
E:\TechStudio\my_develop\dx9_chapter3_for_mydx9\dx9_chapter3_for_mydx9\dx9_chapter3_for_mydx9\Debug\link.5720.write.1.tlog
E:\TechStudio\my_develop\dx9_chapter3_for_mydx9\dx9_chapter3_for_mydx9\dx9_chapter3_for_mydx9\Debug\link.5720-cvtres.read.1.tlog
E:\TechStudio\my_develop\dx9_chapter3_for_mydx9\dx9_chapter3_for_mydx9\dx9_chapter3_for_mydx9\Debug\link.5720-cvtres.write.1.tlog
E:\TechStudio\my_develop\dx9_chapter3_for_mydx9\dx9_chapter3_for_mydx9\dx9_chapter3_for_mydx9\Debug\link.5756.read.1.tlog
E:\TechStudio\my_develop\dx9_chapter3_for_mydx9\dx9_chapter3_for_mydx9\dx9_chapter3_for_mydx9\Debug\link.5756.write.1.tlog
E:\TechStudio\my_develop\dx9_chapter3_for_mydx9\dx9_chapter3_for_mydx9\dx9_chapter3_for_mydx9\Debug\link.5756-cvtres.read.1.tlog
E:\TechStudio\my_develop\dx9_chapter3_for_mydx9\dx9_chapter3_for_mydx9\dx9_chapter3_for_mydx9\Debug\link.5756-cvtres.write.1.tlog
E:\TechStudio\my_develop\dx9_chapter3_for_mydx9\dx9_chapter3_for_mydx9\dx9_chapter3_for_mydx9\Debug\link.6100.read.1.tlog
E:\TechStudio\my_develop\dx9_chapter3_for_mydx9\dx9_chapter3_for_mydx9\dx9_chapter3_for_mydx9\Debug\link.6100.write.1.tlog
E:\TechStudio\my_develop\dx9_chapter3_for_mydx9\dx9_chapter3_for_mydx9\dx9_chapter3_for_mydx9\Debug\link.6100-cvtres.read.1.tlog
E:\TechStudio\my_develop\dx9_chapter3_for_mydx9\dx9_chapter3_for_mydx9\dx9_chapter3_for_mydx9\Debug\link.6100-cvtres.write.1.tlog
E:\TechStudio\my_develop\dx9_chapter3_for_mydx9\dx9_chapter3_for_mydx9\dx9_chapter3_for_mydx9\Debug\link.command.1.tlog
E:\TechStudio\my_develop\dx9_chapter3_for_mydx9\dx9_chapter3_for_mydx9\dx9_chapter3_for_mydx9\Debug\link.read.1.tlog
E:\TechStudio\my_develop\dx9_chapter3_for_mydx9\dx9_chapter3_for_mydx9\dx9_chapter3_for_mydx9\Debug\link.write.1.tlog
E:\TechStudio\my_develop\dx9_chapter3_for_mydx9\dx9_chapter3_for_mydx9\dx9_chapter3_for_mydx9\Debug\link-cvtres.read.1.tlog
E:\TechStudio\my_develop\dx9_chapter3_for_mydx9\dx9_chapter3_for_mydx9\dx9_chapter3_for_mydx9\Debug\link-cvtres.write.1.tlog
E:\TechStudio\my_develop\dx9_chapter3_for_mydx9\dx9_chapter3_for_mydx9\dx9_chapter3_for_mydx9\Debug\mt.command.1.tlog
E:\TechStudio\my_develop\dx9_chapter3_for_mydx9\dx9_chapter3_for_mydx9\dx9_chapter3_for_mydx9\Debug\mt.read.1.tlog
E:\TechStudio\my_develop\dx9_chapter3_for_mydx9\dx9_chapter3_for_mydx9\dx9_chapter3_for_mydx9\Debug\mt.write.1.tlog
E:\TechStudio\my_develop\dx9_chapter3_for_mydx9\dx9_chapter3_for_mydx9\dx9_chapter3_for_mydx9\Debug\rc.command.1.tlog
E:\TechStudio\my_develop\dx9_chapter3_for_mydx9\dx9_chapter3_for_mydx9\dx9_chapter3_for_mydx9\Debug\rc.read.1.tlog
E:\TechStudio\my_develop\dx9_chapter3_for_mydx9\dx9_chapter3_for_mydx9\dx9_chapter3_for_mydx9\Debug\rc.write.1.tlog
E:\TECHSTUDIO\MY_DEVELOP\DX9_CHAPTER3_FOR_MYDX9\DX9_CHAPTER3_FOR_MYDX9\DX9_CHAPTER3_FOR_MYDX9\DEBUG\TRIANGLE.OBJ
E:\TechStudio\my_develop\dx9_chapter3_for_mydx9\dx9_chapter3_for_mydx9\dx9_chapter3_for_mydx9\Debug\vc100.idb
E:\TECHSTUDIO\MY_DEVELOP\DX9_CHAPTER3_FOR_MYDX9\DX9_CHAPTER3_FOR_MYDX9\DX9_CHAPTER3_FOR_MYDX9\DEBUG\VC100.PDB
