生成启动时间为 2013/10/9 22:59:48。
     1>项目“E:\TechStudio\my_develop\dx9_chapter3_for_mydx9\dx9_chapter3_for_mydx9\dx9_chapter3_for_mydx9\dx9_chapter3_for_mydx9.vcxproj”在节点 2 上(build 个目标)。
     1>InitializeBuildStatus:
         正在创建“Debug\dx9_chapter3_for_mydx9.unsuccessfulbuild”，因为已指定“AlwaysCreate”。
       ClCompile:
         e:\Program Files\Microsoft Visual Studio 10.0\VC\bin\CL.exe /c /ZI /nologo /W3 /WX- /Od /Oy- /D WIN32 /D _DEBUG /D _WINDOWS /D _MBCS /Gm /EHsc /RTC1 /MDd /GS /fp:precise /Zc:wchar_t /Zc:forScope /Fo"Debug\\" /Fd"Debug\vc100.pdb" /Gd /TP /analyze- /errorReport:prompt Triangle\triangle.cpp
         triangle.cpp
     1>e:\techstudio\my_develop\dx9_chapter3_for_mydx9\dx9_chapter3_for_mydx9\dx9_chapter3_for_mydx9\triangle\triangle.cpp(247): warning C4244: “+=”: 从“double”转换到“float”，可能丢失数据
       ManifestResourceCompile:
         所有输出均为最新。
       Link:
         e:\Program Files\Microsoft Visual Studio 10.0\VC\bin\link.exe /ERRORREPORT:PROMPT /OUT:"E:\TechStudio\my_develop\dx9_chapter3_for_mydx9\dx9_chapter3_for_mydx9\Debug\dx9_chapter3_for_mydx9.exe" /INCREMENTAL /NOLOGO d3d9.lib winmm.lib kernel32.lib user32.lib gdi32.lib winspool.lib comdlg32.lib advapi32.lib shell32.lib ole32.lib oleaut32.lib uuid.lib odbc32.lib odbccp32.lib /MANIFEST /ManifestFile:"Debug\dx9_chapter3_for_mydx9.exe.intermediate.manifest" /MANIFESTUAC:"level='asInvoker' uiAccess='false'" /DEBUG /PDB:"E:\TechStudio\my_develop\dx9_chapter3_for_mydx9\dx9_chapter3_for_mydx9\Debug\dx9_chapter3_for_mydx9.pdb" /SUBSYSTEM:WINDOWS /TLBID:1 /DYNAMICBASE /NXCOMPAT /IMPLIB:"E:\TechStudio\my_develop\dx9_chapter3_for_mydx9\dx9_chapter3_for_mydx9\Debug\dx9_chapter3_for_mydx9.lib" /MACHINE:X86 Debug\dx9_chapter3_for_mydx9.exe.embed.manifest.res
         Debug\d3dUtility.obj
         Debug\triangle.obj
       Manifest:
         C:\Program Files\Microsoft SDKs\Windows\v7.0A\bin\mt.exe /nologo /verbose /out:"Debug\dx9_chapter3_for_mydx9.exe.embed.manifest" /manifest Debug\dx9_chapter3_for_mydx9.exe.intermediate.manifest
         所有输出均为最新。
       LinkEmbedManifest:
         所有输出均为最新。
         dx9_chapter3_for_mydx9.vcxproj -> E:\TechStudio\my_develop\dx9_chapter3_for_mydx9\dx9_chapter3_for_mydx9\Debug\dx9_chapter3_for_mydx9.exe
       FinalizeBuildStatus:
         正在删除文件“Debug\dx9_chapter3_for_mydx9.unsuccessfulbuild”。
         正在对“Debug\dx9_chapter3_for_mydx9.lastbuildstate”执行 Touch 任务。
     1>已完成生成项目“E:\TechStudio\my_develop\dx9_chapter3_for_mydx9\dx9_chapter3_for_mydx9\dx9_chapter3_for_mydx9\dx9_chapter3_for_mydx9.vcxproj”(build 个目标)的操作。

生成成功。

已用时间 00:00:05.85
