E:\TECHSTUDIO\MY_DEVELOP\D3D9_LIB_PRJ\D3D9\D3D9\DEBUG\CAMERA.OBJ
E:\TechStudio\my_develop\d3d9_lib_prj\d3d9\d3d9\Debug\cl.command.1.tlog
E:\TechStudio\my_develop\d3d9_lib_prj\d3d9\d3d9\Debug\CL.read.1.tlog
E:\TechStudio\my_develop\d3d9_lib_prj\d3d9\d3d9\Debug\CL.write.1.tlog
E:\TECHSTUDIO\MY_DEVELOP\D3D9_LIB_PRJ\D3D9\D3D9\DEBUG\D3D9.OBJ
E:\TECHSTUDIO\MY_DEVELOP\D3D9_LIB_PRJ\D3D9\D3D9\DEBUG\D3D9.PCH
E:\TECHSTUDIO\MY_DEVELOP\D3D9_LIB_PRJ\D3D9\D3D9\DEBUG\GDISURFACE.OBJ
E:\TechStudio\my_develop\d3d9_lib_prj\d3d9\d3d9\Debug\lib.command.1.tlog
E:\TechStudio\my_develop\d3d9_lib_prj\d3d9\d3d9\Debug\Lib-link.read.1.tlog
E:\TechStudio\my_develop\d3d9_lib_prj\d3d9\d3d9\Debug\Lib-link.write.1.tlog
E:\TECHSTUDIO\MY_DEVELOP\D3D9_LIB_PRJ\D3D9\D3D9\DEBUG\MATHLIB.OBJ
E:\TECHSTUDIO\MY_DEVELOP\D3D9_LIB_PRJ\D3D9\D3D9\DEBUG\MY_D3DX9MATH.OBJ
E:\TECHSTUDIO\MY_DEVELOP\D3D9_LIB_PRJ\D3D9\D3D9\DEBUG\MY_DIRECT3D_IMP.OBJ
E:\TECHSTUDIO\MY_DEVELOP\D3D9_LIB_PRJ\D3D9\D3D9\DEBUG\MY_DIRECT3DDEVICE_IMP.OBJ
E:\TECHSTUDIO\MY_DEVELOP\D3D9_LIB_PRJ\D3D9\D3D9\DEBUG\MY_DIRECT3DVERTEXBUFFER_IMP.OBJ
E:\TECHSTUDIO\MY_DEVELOP\D3D9_LIB_PRJ\D3D9\D3D9\DEBUG\PERSPECT.OBJ
E:\TECHSTUDIO\MY_DEVELOP\D3D9_LIB_PRJ\D3D9\D3D9\DEBUG\RENDERSYSTEM.OBJ
E:\TECHSTUDIO\MY_DEVELOP\D3D9_LIB_PRJ\D3D9\D3D9\DEBUG\SCREEN.OBJ
E:\TECHSTUDIO\MY_DEVELOP\D3D9_LIB_PRJ\D3D9\D3D9\DEBUG\STDAFX.OBJ
E:\TECHSTUDIO\MY_DEVELOP\D3D9_LIB_PRJ\D3D9\D3D9\DEBUG\STREAM.OBJ
E:\TechStudio\my_develop\d3d9_lib_prj\d3d9\d3d9\Debug\vc100.idb
E:\TECHSTUDIO\MY_DEVELOP\D3D9_LIB_PRJ\D3D9\D3D9\DEBUG\VC100.PDB
E:\TECHSTUDIO\MY_DEVELOP\D3D9_LIB_PRJ\D3D9\D3D9\DEBUG\WORLD.OBJ
E:\TECHSTUDIO\MY_DEVELOP\D3D9_LIB_PRJ\D3D9\DEBUG\D3D9.LIB
